[INFO  - 2016-11-10T23:55:37.307Z] GhostDriver - Main - running on port 42802
[INFO  - 2016-11-10T23:55:38.106Z] Session [2dc70610-a7a1-11e6-b786-3b76375868af] - page.settings - {"XSSAuditingEnabled":false,"javascriptCanCloseWindows":true,"javascriptCanOpenWindows":true,"javascriptEnabled":true,"loadImages":true,"localToRemoteUrlAccessEnabled":false,"userAgent":"Mozilla/5.0 (Unknown; Linux x86_64) AppleWebKit/538.1 (KHTML, like Gecko) PhantomJS/2.1.1 Safari/538.1","webSecurityEnabled":true}
[INFO  - 2016-11-10T23:55:38.106Z] Session [2dc70610-a7a1-11e6-b786-3b76375868af] - page.customHeaders:  - {}
[INFO  - 2016-11-10T23:55:38.106Z] Session [2dc70610-a7a1-11e6-b786-3b76375868af] - Session.negotiatedCapabilities - {"browserName":"phantomjs","version":"2.1.1","driverName":"ghostdriver","driverVersion":"1.2.0","platform":"linux-unknown-64bit","javascriptEnabled":true,"takesScreenshot":true,"handlesAlerts":false,"databaseEnabled":false,"locationContextEnabled":false,"applicationCacheEnabled":false,"browserConnectionEnabled":false,"cssSelectorsEnabled":true,"webStorageEnabled":false,"rotatable":false,"acceptSslCerts":false,"nativeEvents":true,"proxy":{"proxyType":"direct"}}
[INFO  - 2016-11-10T23:55:38.106Z] SessionManagerReqHand - _postNewSessionCommand - New Session Created: 2dc70610-a7a1-11e6-b786-3b76375868af
[ERROR - 2016-11-10T23:55:38.969Z] Session [2dc70610-a7a1-11e6-b786-3b76375868af] - page.onError - msg: ReferenceError: Can't find variable: googletag

  phantomjs://platform/console++.js:263 in error
[ERROR - 2016-11-10T23:55:38.969Z] Session [2dc70610-a7a1-11e6-b786-3b76375868af] - page.onError - stack:
  global code (https://www.interpals.net/:942)

  phantomjs://platform/console++.js:263 in error
[ERROR - 2016-11-10T23:55:40.225Z] Session [2dc70610-a7a1-11e6-b786-3b76375868af] - page.onError - msg: ReferenceError: Can't find variable: googletag

  phantomjs://platform/console++.js:263 in error
[ERROR - 2016-11-10T23:55:40.225Z] Session [2dc70610-a7a1-11e6-b786-3b76375868af] - page.onError - stack:
  global code (https://www.interpals.net/:942)

  phantomjs://platform/console++.js:263 in error
[ERROR - 2016-11-10T23:55:44.867Z] Session [2dc70610-a7a1-11e6-b786-3b76375868af] - page.onError - msg: TypeError: undefined is not an object (evaluating 'a.sizes')

  phantomjs://platform/console++.js:263 in error
[ERROR - 2016-11-10T23:55:44.868Z] Session [2dc70610-a7a1-11e6-b786-3b76375868af] - page.onError - stack:
  getReportData (https://ap.lijit.com/www/headerauction/prebid.min.js:3)
  reportResults (https://ap.lijit.com/www/headerauction/prebid.min.js:3)
  (anonymous function) (https://ap.lijit.com/www/headerauction/prebid.min.js:3)
  (anonymous function) (:0)

  phantomjs://platform/console++.js:263 in error
